<?xml version="1.0" encoding="UTF-8"?>
<!-- Generated by org.testng.reporters.JUnitReportReporter -->
<testsuite hostname="Test-Jpwin11" failures="0" tests="25" name="test.script.ShareFileInSharedFolderTest" time="260.504" errors="0" timestamp="2024-09-25T20:27:08 JST" skipped="3">
  <testcase classname="test.script.ShareFileInSharedFolderTest" name="verifyFileSharedDetails" time="6.739"/>
  <testcase classname="test.script.ShareFileInSharedFolderTest" name="VerifySharedFilesLabel" time="7.798"/>
  <testcase classname="test.script.ShareFileInSharedFolderTest" name="VerifySharedFilesStorageLabel" time="7.620"/>
  <testcase classname="test.script.ShareFileInSharedFolderTest" name="VerifyErrorMessageSharedFilesStorageDayInvalidData" time="9.866"/>
  <testcase classname="test.script.ShareFileInSharedFolderTest" name="VerifyErrorMessageSharedFilesStorageTIMEInvalidData" time="10.869"/>
  <testcase classname="test.script.ShareFileInSharedFolderTest" name="VerifySharedFilesDownloadpasswordLabel" time="7.645"/>
  <testcase classname="test.script.ShareFileInSharedFolderTest" name="VerifyErrorMessageSharedFilesDownloadpasswordCheckboxselection" time="8.940"/>
  <testcase classname="test.script.ShareFileInSharedFolderTest" name="VerifySharedFilesMaximumdownloadsLabel" time="7.659"/>
  <testcase classname="test.script.ShareFileInSharedFolderTest" name="VerifyErrorMessageWhenUserProvidesInvalidMaximumdownloadCount" time="9.804"/>
  <testcase classname="test.script.ShareFileInSharedFolderTest" name="VerifySharedFilesCancelButtonLabel" time="6.831"/>
  <testcase classname="test.script.ShareFileInSharedFolderTest" name="VerifySharedFilesShareButtonLabel" time="7.323"/>
  <testcase classname="test.script.ShareFileInSharedFolderTest" name="verifyFileShare" time="13.571"/>
  <testcase classname="test.script.ShareFileInSharedFolderTest" name="verifyShareFileOnSuccessMessage" time="10.740"/>
  <testcase classname="test.script.ShareFileInSharedFolderTest" name="verifyHeaderShareFileOnSuccessMessage" time="9.763"/>
  <testcase classname="test.script.ShareFileInSharedFolderTest" name="verifyToolTipShareFileOnSuccessMessage" time="9.700"/>
  <testcase classname="test.script.ShareFileInSharedFolderTest" name="verifyFilenameShareFileOnSuccessMessage" time="9.700"/>
  <testcase classname="test.script.ShareFileInSharedFolderTest" name="verifyExpiredDateShareFileOnSuccessMessage" time="9.789"/>
  <testcase classname="test.script.ShareFileInSharedFolderTest" name="verifydownloadCountShareFileOnSuccessMessage" time="10.499"/>
  <testcase classname="test.script.ShareFileInSharedFolderTest" name="verifySharedFileOnSuccessURL" time="19.306"/>
  <testcase classname="test.script.ShareFileInSharedFolderTest" name="verifyShareFileWithValidPassword" time="28.339"/>
  <testcase classname="test.script.ShareFileInSharedFolderTest" name="verifyShareFilePasswordCancel" time="19.142"/>
  <testcase classname="test.script.ShareFileInSharedFolderTest" name="verifyShareFileWithInvalidPassword" time="28.861"/>
  <testcase classname="test.script.ShareFileInSharedFolderTest" name="VerifySharedFilesStorageDayRadioButton">
    <skipped/>
  </testcase> <!-- VerifySharedFilesStorageDayRadioButton -->
  <testcase classname="test.script.ShareFileInSharedFolderTest" name="VerifySharedFilesStorageTimeRadioButton">
    <skipped/>
  </testcase> <!-- VerifySharedFilesStorageTimeRadioButton -->
  <testcase classname="test.script.ShareFileInSharedFolderTest" name="VerifySharedFilesMaximumdownloadscountByDefault">
    <skipped/>
  </testcase> <!-- VerifySharedFilesMaximumdownloadscountByDefault -->
</testsuite> <!-- test.script.ShareFileInSharedFolderTest -->
