<?xml version="1.0" encoding="UTF-8"?>
<!-- Generated by org.testng.reporters.JUnitReportReporter -->
<testsuite hostname="Test-Jpwin11" failures="0" tests="48" name="test.script.OtherPersonalFolderUploadFileToSubFolderTest" time="1321.384" errors="0" timestamp="2024-09-20T16:09:21 JST" skipped="1">
  <testcase classname="test.script.OtherPersonalFolderUploadFileToSubFolderTest" name="verifyUploadButtonIsDisplayedInRootFolder" time="14.749"/>
  <testcase classname="test.script.OtherPersonalFolderUploadFileToSubFolderTest" name="verifyPDFFileUpload" time="29.856"/>
  <testcase classname="test.script.OtherPersonalFolderUploadFileToSubFolderTest" name="verifyBMPFileUpload" time="29.547"/>
  <testcase classname="test.script.OtherPersonalFolderUploadFileToSubFolderTest" name="verifyGIFFileUpload" time="29.471"/>
  <testcase classname="test.script.OtherPersonalFolderUploadFileToSubFolderTest" name="verifyJPEGFileUpload" time="25.171"/>
  <testcase classname="test.script.OtherPersonalFolderUploadFileToSubFolderTest" name="verifyJPGFileUpload" time="29.492"/>
  <testcase classname="test.script.OtherPersonalFolderUploadFileToSubFolderTest" name="verifyPNGFileUpload" time="29.453"/>
  <testcase classname="test.script.OtherPersonalFolderUploadFileToSubFolderTest" name="verifyTIFFileUpload" time="29.433"/>
  <testcase classname="test.script.OtherPersonalFolderUploadFileToSubFolderTest" name="verifyExcelFileUpload" time="29.492"/>
  <testcase classname="test.script.OtherPersonalFolderUploadFileToSubFolderTest" name="verifyDOCXFileUpload" time="29.482"/>
  <testcase classname="test.script.OtherPersonalFolderUploadFileToSubFolderTest" name="verifyODPFileUpload" time="29.479"/>
  <testcase classname="test.script.OtherPersonalFolderUploadFileToSubFolderTest" name="verifyODSFileUpload" time="29.385"/>
  <testcase classname="test.script.OtherPersonalFolderUploadFileToSubFolderTest" name="verifyODTFileUpload" time="29.390"/>
  <testcase classname="test.script.OtherPersonalFolderUploadFileToSubFolderTest" name="verifyPPTXFileUpload" time="29.598"/>
  <testcase classname="test.script.OtherPersonalFolderUploadFileToSubFolderTest" name="verifyRTFFileUpload" time="25.214"/>
  <testcase classname="test.script.OtherPersonalFolderUploadFileToSubFolderTest" name="verifyTXTFileUpload" time="29.485"/>
  <testcase classname="test.script.OtherPersonalFolderUploadFileToSubFolderTest" name="verifyXPSFileUpload" time="29.472"/>
  <testcase classname="test.script.OtherPersonalFolderUploadFileToSubFolderTest" name="verifyAVIFileUpload" time="29.491"/>
  <testcase classname="test.script.OtherPersonalFolderUploadFileToSubFolderTest" name="verifyFLVFileUpload" time="29.498"/>
  <testcase classname="test.script.OtherPersonalFolderUploadFileToSubFolderTest" name="verifyMKVFileUpload" time="29.472"/>
  <testcase classname="test.script.OtherPersonalFolderUploadFileToSubFolderTest" name="verifyMOVFileUpload" time="25.203"/>
  <testcase classname="test.script.OtherPersonalFolderUploadFileToSubFolderTest" name="verifyMP4FileUpload" time="25.203"/>
  <testcase classname="test.script.OtherPersonalFolderUploadFileToSubFolderTest" name="verifyMPEGFileUpload" time="29.434"/>
  <testcase classname="test.script.OtherPersonalFolderUploadFileToSubFolderTest" name="verifyMPEG2FileUpload" time="29.623"/>
  <testcase classname="test.script.OtherPersonalFolderUploadFileToSubFolderTest" name="verifyTSFileUpload" time="25.237"/>
  <testcase classname="test.script.OtherPersonalFolderUploadFileToSubFolderTest" name="verifyWEBMFileUpload" time="29.474"/>
  <testcase classname="test.script.OtherPersonalFolderUploadFileToSubFolderTest" name="verifyWMVFileUpload" time="29.457"/>
  <testcase classname="test.script.OtherPersonalFolderUploadFileToSubFolderTest" name="verifyFileUploadDisplayedInGrid" time="29.502"/>
  <testcase classname="test.script.OtherPersonalFolderUploadFileToSubFolderTest" name="verifyFileUploadSingleByteNumbers" time="29.499"/>
  <testcase classname="test.script.OtherPersonalFolderUploadFileToSubFolderTest" name="verifyFileUploadMultyByteNumbers" time="25.231"/>
  <testcase classname="test.script.OtherPersonalFolderUploadFileToSubFolderTest" name="verifyFileUploadSingleByteEnglishCharacters" time="29.581"/>
  <testcase classname="test.script.OtherPersonalFolderUploadFileToSubFolderTest" name="verifyFileUploadSingleByteKataganaCharacters" time="29.499"/>
  <testcase classname="test.script.OtherPersonalFolderUploadFileToSubFolderTest" name="verifyFileUploadMultyByteEnglishCharacters" time="25.256"/>
  <testcase classname="test.script.OtherPersonalFolderUploadFileToSubFolderTest" name="verifyFileUploadMultyByteKataganaCharacters" time="25.257"/>
  <testcase classname="test.script.OtherPersonalFolderUploadFileToSubFolderTest" name="verifyFileUploadMultyByteKanjiCharacters" time="29.486"/>
  <testcase classname="test.script.OtherPersonalFolderUploadFileToSubFolderTest" name="verifyFileUploadMultyByteHiraganaCharacters" time="29.519"/>
  <testcase classname="test.script.OtherPersonalFolderUploadFileToSubFolderTest" name="verifyFileUploadMultyByteSpecialCharacters" time="29.445"/>
  <testcase classname="test.script.OtherPersonalFolderUploadFileToSubFolderTest" name="verifyFileUploadSingleByte85Numbers" time="24.354"/>
  <testcase classname="test.script.OtherPersonalFolderUploadFileToSubFolderTest" name="verifyFileUploadMultyByte85Numbers" time="28.664"/>
  <testcase classname="test.script.OtherPersonalFolderUploadFileToSubFolderTest" name="verifyFileUploadSingleByte85EnglishCharacters" time="24.256"/>
  <testcase classname="test.script.OtherPersonalFolderUploadFileToSubFolderTest" name="verifyFileUploadMultyByte85EnglishCharacters" time="28.592"/>
  <testcase classname="test.script.OtherPersonalFolderUploadFileToSubFolderTest" name="verifyFileUploadSingleByte85KataganaCharacters" time="28.473"/>
  <testcase classname="test.script.OtherPersonalFolderUploadFileToSubFolderTest" name="verifyFileUploadMultyByte85KataganaCharacters" time="28.593"/>
  <testcase classname="test.script.OtherPersonalFolderUploadFileToSubFolderTest" name="verifyFileUploadMultyByte85KanjiCharacters" time="28.475"/>
  <testcase classname="test.script.OtherPersonalFolderUploadFileToSubFolderTest" name="verifyFileUploadMultyByte85HiraganaCharacters" time="28.461"/>
  <testcase classname="test.script.OtherPersonalFolderUploadFileToSubFolderTest" name="verifyFileUploadMultyByte85SpecialCharacters" time="28.561"/>
  <testcase classname="test.script.OtherPersonalFolderUploadFileToSubFolderTest" name="verifyFileUploadPasswordProtected" time="30.419"/>
  <testcase classname="test.script.OtherPersonalFolderUploadFileToSubFolderTest" name="verifyUploadButtonToolTipsIsDisplayed">
    <skipped/>
  </testcase> <!-- verifyUploadButtonToolTipsIsDisplayed -->
</testsuite> <!-- test.script.OtherPersonalFolderUploadFileToSubFolderTest -->
