<?xml version="1.0" encoding="UTF-8"?>
<!-- Generated by org.testng.reporters.JUnitReportReporter -->
<testsuite hostname="Test-Jpwin11" failures="0" tests="82" name="test.script.CreateFolderInPersonalSubFolder" time="1229.344" errors="0" timestamp="2024-06-14T15:10:27 JST" skipped="1">
  <testcase classname="test.script.CreateFolderInPersonalSubFolder" name="verifyErrorMsgIsDisplayedForaux" time="14.709"/>
  <testcase classname="test.script.CreateFolderInPersonalSubFolder" name="verifyErrorMsgIsDisplayedForLPT9" time="14.698"/>
  <testcase classname="test.script.CreateFolderInPersonalSubFolder" name="verifyErrorMsgIsDisplayedForNUL" time="14.710"/>
  <testcase classname="test.script.CreateFolderInPersonalSubFolder" name="verifyErrorMsgIsDisplayedForlpt4" time="14.751"/>
  <testcase classname="test.script.CreateFolderInPersonalSubFolder" name="verifyErrorMsgIsDisplayedForcom7" time="14.652"/>
  <testcase classname="test.script.CreateFolderInPersonalSubFolder" name="verifyErrorMsgIsDisplayedForCLOCK$" time="14.645"/>
  <testcase classname="test.script.CreateFolderInPersonalSubFolder" name="verifyErrorMsgIsDisplayedForAUX" time="14.707"/>
  <testcase classname="test.script.CreateFolderInPersonalSubFolder" name="verifyErrorMsgIsDisplayedForSNAPSHOTS" time="14.729"/>
  <testcase classname="test.script.CreateFolderInPersonalSubFolder" name="verifyErrorMsgIsDisplayedForCON" time="18.772"/>
  <testcase classname="test.script.CreateFolderInPersonalSubFolder" name="verifyErrorMsgIsDisplayedForSnapshot" time="14.815"/>
  <testcase classname="test.script.CreateFolderInPersonalSubFolder" name="verifyErrorMsgIsDisplayedForcom8" time="18.883"/>
  <testcase classname="test.script.CreateFolderInPersonalSubFolder" name="verifyErrorMsgIsDisplayedForGreaterThan" time="14.736"/>
  <testcase classname="test.script.CreateFolderInPersonalSubFolder" name="verifyErrorMsgIsDisplayedForclock$" time="18.995"/>
  <testcase classname="test.script.CreateFolderInPersonalSubFolder" name="verifyErrorMsgIsDisplayedForLPT0" time="14.691"/>
  <testcase classname="test.script.CreateFolderInPersonalSubFolder" name="verifyErrorMsgIsDisplayedFornul" time="14.684"/>
  <testcase classname="test.script.CreateFolderInPersonalSubFolder" name="verifyErrorMsgIsDisplayedForCOM0" time="14.696"/>
  <testcase classname="test.script.CreateFolderInPersonalSubFolder" name="verifyErrorMsgIsDisplayedForNameEndindWithDot" time="14.700"/>
  <testcase classname="test.script.CreateFolderInPersonalSubFolder" name="verifyErrorMsgIsDisplayedForcom9" time="14.651"/>
  <testcase classname="test.script.CreateFolderInPersonalSubFolder" name="verifyErrorMsgIsDisplayedForLPT8" time="14.661"/>
  <testcase classname="test.script.CreateFolderInPersonalSubFolder" name="verifyErrorMsgIsDisplayedForlpt2" time="14.686"/>
  <testcase classname="test.script.CreateFolderInPersonalSubFolder" name="verifyErrorMsgIsDisplayedForprn" time="14.657"/>
  <testcase classname="test.script.CreateFolderInPersonalSubFolder" name="verifyErrorMsgIsDisplayedForlpt7" time="14.633"/>
  <testcase classname="test.script.CreateFolderInPersonalSubFolder" name="verifyErrorMsgIsDisplayedForcom5" time="14.700"/>
  <testcase classname="test.script.CreateFolderInPersonalSubFolder" name="verifyErrorMsgIsDisplayedForCOM4" time="14.779"/>
  <testcase classname="test.script.CreateFolderInPersonalSubFolder" name="verify84LengthHiraganaCharFolderIsCreatedMultiByte" time="14.808"/>
  <testcase classname="test.script.CreateFolderInPersonalSubFolder" name="verifyErrorMsgIsDisplayedForQuestionMark" time="14.711"/>
  <testcase classname="test.script.CreateFolderInPersonalSubFolder" name="verify84LengthEngCharFolderIsCreatedMultiByte" time="14.893"/>
  <testcase classname="test.script.CreateFolderInPersonalSubFolder" name="verifyErrorMsgIsDisplayedForLPT1" time="14.773"/>
  <testcase classname="test.script.CreateFolderInPersonalSubFolder" name="verifyErrorMsgIsDisplayedForremote_access_backup" time="14.714"/>
  <testcase classname="test.script.CreateFolderInPersonalSubFolder" name="verifyErrorMsgIsDisplayedForCOM5" time="18.815"/>
  <testcase classname="test.script.CreateFolderInPersonalSubFolder" name="verifyErrorMsgIsDisplayedForlpt5" time="14.712"/>
  <testcase classname="test.script.CreateFolderInPersonalSubFolder" name="verifyErrorMsgIsDisplayedForCOM8" time="14.664"/>
  <testcase classname="test.script.CreateFolderInPersonalSubFolder" name="verifySpecialCharFolderIsCreated" time="18.827"/>
  <testcase classname="test.script.CreateFolderInPersonalSubFolder" name="verify84LengthKatakanaCharFolderIsCreatedMultiByte" time="14.876"/>
  <testcase classname="test.script.CreateFolderInPersonalSubFolder" name="verifyErrorMsgIsDisplayedForBackSlash" time="14.710"/>
  <testcase classname="test.script.CreateFolderInPersonalSubFolder" name="verify84LengthKanjiCharFolderIsCreatedMultiByte" time="14.775"/>
  <testcase classname="test.script.CreateFolderInPersonalSubFolder" name="verifyErrorMsgIsDisplayedForlpt3" time="14.705"/>
  <testcase classname="test.script.CreateFolderInPersonalSubFolder" name="verifyErrorMsgIsDisplayedForFontSlash" time="14.657"/>
  <testcase classname="test.script.CreateFolderInPersonalSubFolder" name="verifyErrorMsgIsDisplayedForColon" time="14.693"/>
  <testcase classname="test.script.CreateFolderInPersonalSubFolder" name="verifyErrorMsgIsDisplayedForNameStartingWithHalfWidthSpace" time="14.811"/>
  <testcase classname="test.script.CreateFolderInPersonalSubFolder" name="verifyErrorMsgIsDisplayedForCOM2" time="14.651"/>
  <testcase classname="test.script.CreateFolderInPersonalSubFolder" name="verifyErrorMsgIsDisplayedForPipe" time="14.767"/>
  <testcase classname="test.script.CreateFolderInPersonalSubFolder" name="verifyErrorMsgIsDisplayedForcom1" time="14.691"/>
  <testcase classname="test.script.CreateFolderInPersonalSubFolder" name="verifyErrorMsgIsDisplayedForcom2" time="14.644"/>
  <testcase classname="test.script.CreateFolderInPersonalSubFolder" name="verifyErrorMsgIsDisplayedForlpt9" time="14.674"/>
  <testcase classname="test.script.CreateFolderInPersonalSubFolder" name="verifyErrorMsgIsDisplayedForCOM6" time="14.659"/>
  <testcase classname="test.script.CreateFolderInPersonalSubFolder" name="verifyErrorMsgIsDisplayedForDoubleQuotes" time="14.784"/>
  <testcase classname="test.script.CreateFolderInPersonalSubFolder" name="verifyErrorMsgIsDisplayedForcom0" time="18.909"/>
  <testcase classname="test.script.CreateFolderInPersonalSubFolder" name="verifyErrorMsgIsDisplayedForcom3" time="14.600"/>
  <testcase classname="test.script.CreateFolderInPersonalSubFolder" name="verify84LengthEngCharFolderIsCreatedSingleByte" time="14.837"/>
  <testcase classname="test.script.CreateFolderInPersonalSubFolder" name="verify84LengthKatakanaCharFolderIsCreatedSingleByte" time="18.995"/>
  <testcase classname="test.script.CreateFolderInPersonalSubFolder" name="verifyErrorMsgIsDisplayedForLPT2" time="14.607"/>
  <testcase classname="test.script.CreateFolderInPersonalSubFolder" name="verifyErrorMsgIsDisplayedForPRN" time="18.865"/>
  <testcase classname="test.script.CreateFolderInPersonalSubFolder" name="verifyErrorMsgIsDisplayedForsnapshot" time="14.765"/>
  <testcase classname="test.script.CreateFolderInPersonalSubFolder" name="verifyErrorMsgIsDisplayedForCOM3" time="14.818"/>
  <testcase classname="test.script.CreateFolderInPersonalSubFolder" name="verifyErrorMsgIsDisplayedForCOM7" time="14.778"/>
  <testcase classname="test.script.CreateFolderInPersonalSubFolder" name="verifyErrorMsgIsDisplayedFortrashbox" time="14.747"/>
  <testcase classname="test.script.CreateFolderInPersonalSubFolder" name="verifyErrorMsgIsDisplayedForlpt1" time="14.662"/>
  <testcase classname="test.script.CreateFolderInPersonalSubFolder" name="verifyErrorMsgIsDisplayedForLPT3" time="14.740"/>
  <testcase classname="test.script.CreateFolderInPersonalSubFolder" name="verifyErrorMsgIsDisplayedForNameEndingWithHalfWidthSpace" time="14.833"/>
  <testcase classname="test.script.CreateFolderInPersonalSubFolder" name="verifyErrorMsgIsDisplayedForcom4" time="18.928"/>
  <testcase classname="test.script.CreateFolderInPersonalSubFolder" name="verifyErrorMsgIsDisplayedForcom6" time="14.697"/>
  <testcase classname="test.script.CreateFolderInPersonalSubFolder" name="verifyErrorMsgIsDisplayedForcon" time="14.648"/>
  <testcase classname="test.script.CreateFolderInPersonalSubFolder" name="verify84LengthKanjiCharFolderIsCreatedSingleByte" time="14.821"/>
  <testcase classname="test.script.CreateFolderInPersonalSubFolder" name="verifyErrorMsgIsDisplayedForSNAPSHOT" time="14.722"/>
  <testcase classname="test.script.CreateFolderInPersonalSubFolder" name="verifyErrorMsgIsDisplayedForLPT4" time="14.646"/>
  <testcase classname="test.script.CreateFolderInPersonalSubFolder" name="verifyErrorMsgIsDisplayedForlpt6" time="14.634"/>
  <testcase classname="test.script.CreateFolderInPersonalSubFolder" name="verifyErrorMsgIsDisplayedForMultiplication" time="14.712"/>
  <testcase classname="test.script.CreateFolderInPersonalSubFolder" name="verifyFolderIsCreated" time="14.577"/>
  <testcase classname="test.script.CreateFolderInPersonalSubFolder" name="verifyErrorMsgIsDisplayedForLPT7" time="14.731"/>
  <testcase classname="test.script.CreateFolderInPersonalSubFolder" name="verifyErrorMsgIsDisplayedForLPT5" time="14.719"/>
  <testcase classname="test.script.CreateFolderInPersonalSubFolder" name="verifyErrorMsgIsDisplayedForlpt8" time="14.681"/>
  <testcase classname="test.script.CreateFolderInPersonalSubFolder" name="verifyErrorMsgIsDisplayedForTRASHBOX" time="14.751"/>
  <testcase classname="test.script.CreateFolderInPersonalSubFolder" name="verifyErrorMsgIsDisplayedForlpt0" time="14.616"/>
  <testcase classname="test.script.CreateFolderInPersonalSubFolder" name="verifyErrorMsgIsDisplayedForsnapshots" time="14.714"/>
  <testcase classname="test.script.CreateFolderInPersonalSubFolder" name="verifyErrorMsgIsDisplayedFortrashBox" time="14.631"/>
  <testcase classname="test.script.CreateFolderInPersonalSubFolder" name="verifyErrorMsgIsDisplayedForREMOTE_ACCESS_BACKUP" time="14.684"/>
  <testcase classname="test.script.CreateFolderInPersonalSubFolder" name="verifyErrorMsgIsDisplayedForCOM1" time="14.652"/>
  <testcase classname="test.script.CreateFolderInPersonalSubFolder" name="verifyErrorMsgIsDisplayedForCOM9" time="14.785"/>
  <testcase classname="test.script.CreateFolderInPersonalSubFolder" name="verifyErrorMsgIsDisplayedForLessThan" time="14.710"/>
  <testcase classname="test.script.CreateFolderInPersonalSubFolder" name="verifyErrorMsgIsDisplayedForLPT6" time="14.775"/>
  <testcase classname="test.script.CreateFolderInPersonalSubFolder" name="verify84LengthHiraganaCharFolderIsCreatedSingleByte">
    <skipped/>
  </testcase> <!-- verify84LengthHiraganaCharFolderIsCreatedSingleByte -->
</testsuite> <!-- test.script.CreateFolderInPersonalSubFolder -->
