<?xml version="1.0" encoding="UTF-8"?>
<!-- Generated by org.testng.reporters.JUnitReportReporter -->
<testsuite hostname="Test-Jpwin11" failures="0" tests="2" name="test.script.MoveFileFoldersSharedFolderTest" time="58.926" errors="0" timestamp="2024-09-27T19:37:37 JST" skipped="1">
  <testcase classname="test.script.MoveFileFoldersSharedFolderTest" name="Verify" time="58.926"/>
  <testcase classname="test.script.MoveFileFoldersSharedFolderTest" name="VerifyUpperParentAllowedToSelect">
    <skipped/>
  </testcase> <!-- VerifyUpperParentAllowedToSelect -->
</testsuite> <!-- test.script.MoveFileFoldersSharedFolderTest -->
