<?xml version="1.0" encoding="UTF-8"?>
<!-- Generated by org.testng.reporters.JUnitReportReporter -->
<testsuite hostname="Test-Jpwin11" failures="0" tests="1" name="test.script.Demo" time="0.011" errors="0" timestamp="2024-03-21T15:26:21 KST" skipped="0">
  <testcase classname="test.script.Demo" name="ReadConfig" time="0.011"/>
</testsuite> <!-- test.script.Demo -->
