<?xml version="1.0" encoding="UTF-8"?>
<!-- Generated by org.testng.reporters.JUnitReportReporter -->
<testsuite hostname="Test-Jpwin11" failures="0" tests="21" name="test.script.OtherPersonalFolderSmokeTest" time="451.639" errors="1" timestamp="2024-09-09T14:24:51 JST" skipped="0">
  <testcase classname="test.script.OtherPersonalFolderSmokeTest" name="deleteAllFolders" time="51.292">
    <error message="Expected condition failed: waiting for presence of any elements located by By.xpath: //a[text()=&#039;ホーム&#039;] (tried for 30 second(s) with 500 MILLISECONDS interval)
Build info: version: &#039;unknown&#039;, revision: &#039;unknown&#039;, time: &#039;unknown&#039;
System info: host: &#039;TEST-JPWIN11&#039;, ip: &#039;192.168.81.68&#039;, os.name: &#039;Windows 11&#039;, os.arch: &#039;amd64&#039;, os.version: &#039;10.0&#039;, java.version: &#039;20.0.1&#039;
Driver info: org.openqa.selenium.chrome.ChromeDriver
Capabilities [{networkConnectionEnabled=false, chrome={chromedriverVersion=128.0.6613.86 (3045ed680fdab64f784f3b366cfe74adbdf6ff01-refs/branch-heads/6613@{#1337}), userDataDir=C:\Windows\SystemTemp\scoped_dir1900_344700239}, timeouts={implicit=0, pageLoad=300000, script=30000}, pageLoadStrategy=normal, unhandledPromptBehavior=dismiss and notify, strictFileInteractability=false, platform=XP, proxy=Proxy(), webauthn:extension:minPinLength=true, goog:chromeOptions={debuggerAddress=localhost:50630}, webauthn:extension:credBlob=true, webauthn:extension:prf=true, acceptInsecureCerts=false, browserVersion=128.0.6613.120, fedcm:accounts=true, browserName=chrome, javascriptEnabled=true, platformName=XP, setWindowRect=true, webauthn:extension:largeBlob=true, webauthn:virtualAuthenticators=true}]
Session ID: 9a53421e34286cd3eb8712d789b686e9" type="org.openqa.selenium.TimeoutException">
      <![CDATA[org.openqa.selenium.TimeoutException: Expected condition failed: waiting for presence of any elements located by By.xpath: //a[text()='ホーム'] (tried for 30 second(s) with 500 MILLISECONDS interval)
Build info: version: 'unknown', revision: 'unknown', time: 'unknown'
System info: host: 'TEST-JPWIN11', ip: '192.168.81.68', os.name: 'Windows 11', os.arch: 'amd64', os.version: '10.0', java.version: '20.0.1'
Driver info: org.openqa.selenium.chrome.ChromeDriver
Capabilities [{networkConnectionEnabled=false, chrome={chromedriverVersion=128.0.6613.86 (3045ed680fdab64f784f3b366cfe74adbdf6ff01-refs/branch-heads/6613@{#1337}), userDataDir=C:\Windows\SystemTemp\scoped_dir1900_344700239}, timeouts={implicit=0, pageLoad=300000, script=30000}, pageLoadStrategy=normal, unhandledPromptBehavior=dismiss and notify, strictFileInteractability=false, platform=XP, proxy=Proxy(), webauthn:extension:minPinLength=true, goog:chromeOptions={debuggerAddress=localhost:50630}, webauthn:extension:credBlob=true, webauthn:extension:prf=true, acceptInsecureCerts=false, browserVersion=128.0.6613.120, fedcm:accounts=true, browserName=chrome, javascriptEnabled=true, platformName=XP, setWindowRect=true, webauthn:extension:largeBlob=true, webauthn:virtualAuthenticators=true}]
Session ID: 9a53421e34286cd3eb8712d789b686e9
at org.openqa.selenium.support.ui.WebDriverWait.timeoutException(WebDriverWait.java:80)
at org.openqa.selenium.support.ui.FluentWait.until(FluentWait.java:232)
at cocoro.lib.uiauto.SeleniumUIControl.identify(SeleniumUIControl.java:109)
at cocoro.lib.uiauto.SeleniumUIControl.find(SeleniumUIControl.java:38)
at cocoro.pages.BasePage.uiControl(BasePage.java:69)
at test.script.OtherPersonalFolderSmokeTest.deleteAllFolders(OtherPersonalFolderSmokeTest.java:79)
at java.base/jdk.internal.reflect.DirectMethodHandleAccessor.invoke(DirectMethodHandleAccessor.java:104)
at java.base/java.lang.reflect.Method.invoke(Method.java:578)
at org.testng.internal.invokers.MethodInvocationHelper.invokeMethod(MethodInvocationHelper.java:139)
at org.testng.internal.invokers.MethodInvocationHelper.invokeMethodConsideringTimeout(MethodInvocationHelper.java:69)
at org.testng.internal.invokers.ConfigInvoker.invokeConfigurationMethod(ConfigInvoker.java:390)
at org.testng.internal.invokers.ConfigInvoker.invokeConfigurations(ConfigInvoker.java:325)
at org.testng.internal.invokers.TestInvoker.runConfigMethods(TestInvoker.java:810)
at org.testng.internal.invokers.TestInvoker.runAfterConfigurations(TestInvoker.java:779)
at org.testng.internal.invokers.TestInvoker.invokeMethod(TestInvoker.java:755)
at org.testng.internal.invokers.TestInvoker.invokeTestMethod(TestInvoker.java:227)
at org.testng.internal.invokers.MethodRunner.runInSequence(MethodRunner.java:50)
at org.testng.internal.invokers.TestInvoker$MethodInvocationAgent.invoke(TestInvoker.java:957)
at org.testng.internal.invokers.TestInvoker.invokeTestMethods(TestInvoker.java:200)
at org.testng.internal.invokers.TestMethodWorker.invokeTestMethods(TestMethodWorker.java:148)
at org.testng.internal.invokers.TestMethodWorker.run(TestMethodWorker.java:128)
at java.base/java.util.ArrayList.forEach(ArrayList.java:1511)
at org.testng.TestRunner.privateRun(TestRunner.java:848)
at org.testng.TestRunner.run(TestRunner.java:621)
at org.testng.SuiteRunner.runTest(SuiteRunner.java:443)
at org.testng.SuiteRunner.runSequentially(SuiteRunner.java:437)
at org.testng.SuiteRunner.privateRun(SuiteRunner.java:397)
at org.testng.SuiteRunner.run(SuiteRunner.java:336)
at org.testng.SuiteRunnerWorker.runSuite(SuiteRunnerWorker.java:52)
at org.testng.SuiteRunnerWorker.run(SuiteRunnerWorker.java:95)
at org.testng.TestNG.runSuitesSequentially(TestNG.java:1280)
at org.testng.TestNG.runSuitesLocally(TestNG.java:1200)
at org.testng.TestNG.runSuites(TestNG.java:1114)
at org.testng.TestNG.run(TestNG.java:1082)
at org.testng.remote.AbstractRemoteTestNG.run(AbstractRemoteTestNG.java:115)
at org.testng.remote.RemoteTestNG.initAndRun(RemoteTestNG.java:251)
at org.testng.remote.RemoteTestNG.main(RemoteTestNG.java:77)
]]>
    </error>
  </testcase> <!-- deleteAllFolders -->
  <testcase classname="test.script.OtherPersonalFolderSmokeTest" name="verifyFolderIsCreated" time="10.749"/>
  <testcase classname="test.script.OtherPersonalFolderSmokeTest" name="verifySingleFileUpload" time="25.623"/>
  <testcase classname="test.script.OtherPersonalFolderSmokeTest" name="verifyMultiFileUpload" time="47.727"/>
  <testcase classname="test.script.OtherPersonalFolderSmokeTest" name="verifySingleFolderDownload" time="12.487"/>
  <testcase classname="test.script.OtherPersonalFolderSmokeTest" name="verifyMultiFolderDownload" time="20.477"/>
  <testcase classname="test.script.OtherPersonalFolderSmokeTest" name="verifyFolderSearch" time="10.642"/>
  <testcase classname="test.script.OtherPersonalFolderSmokeTest" name="verifySearchPageReturnButton" time="10.854"/>
  <testcase classname="test.script.OtherPersonalFolderSmokeTest" name="verifyContextMenuDownload" time="9.568"/>
  <testcase classname="test.script.OtherPersonalFolderSmokeTest" name="verifyContextMenuRename" time="17.916"/>
  <testcase classname="test.script.OtherPersonalFolderSmokeTest" name="verifyContextMenuFilePreview" time="8.688"/>
  <testcase classname="test.script.OtherPersonalFolderSmokeTest" name="verifyContextMenuFileMove" time="12.954"/>
  <testcase classname="test.script.OtherPersonalFolderSmokeTest" name="verifyContextMenuFileShare" time="13.804"/>
  <testcase classname="test.script.OtherPersonalFolderSmokeTest" name="verifyContextMenuDelete" time="12.731"/>
  <testcase classname="test.script.OtherPersonalFolderSmokeTest" name="verifySingleFileFolderDelete" time="12.565"/>
  <testcase classname="test.script.OtherPersonalFolderSmokeTest" name="verifyMultiFileFolderDelete" time="26.075"/>
  <testcase classname="test.script.OtherPersonalFolderSmokeTest" name="verifyFolderFileMove" time="54.083"/>
  <testcase classname="test.script.OtherPersonalFolderSmokeTest" name="verifyFolderMoveToSubFolder" time="17.116"/>
  <testcase classname="test.script.OtherPersonalFolderSmokeTest" name="verifyMultipleFileFolderMoveToSubFolder" time="10.781"/>
  <testcase classname="test.script.OtherPersonalFolderSmokeTest" name="verifyFolderFileFolderMoveToSharedFolder" time="64.306"/>
  <testcase classname="test.script.OtherPersonalFolderSmokeTest" name="verifysharedFilesList" time="1.201"/>
</testsuite> <!-- test.script.OtherPersonalFolderSmokeTest -->
