<?xml version="1.0" encoding="UTF-8"?>
<!-- Generated by org.testng.reporters.JUnitReportReporter -->
<testsuite hostname="Test-Jpwin11" failures="0" tests="10" name="test.script.RenameOtherUserPersonalFolderTest" time="109.376" errors="0" timestamp="2024-09-17T20:33:19 JST" skipped="1">
  <testcase classname="test.script.RenameOtherUserPersonalFolderTest" name="verifyFileIsRenameWithNumberSinlgeByte" time="12.477"/>
  <testcase classname="test.script.RenameOtherUserPersonalFolderTest" name="verifyFileIsRenameWithSpecialcharsMultiByte" time="12.108"/>
  <testcase classname="test.script.RenameOtherUserPersonalFolderTest" name="verifyFileIsRenameWithHiraganaMultiByte" time="12.111"/>
  <testcase classname="test.script.RenameOtherUserPersonalFolderTest" name="verifyFileIsRenameWithKataganaSinlgeByte" time="12.085"/>
  <testcase classname="test.script.RenameOtherUserPersonalFolderTest" name="verifyFileIsRenameWithNumberMultiByte" time="12.122"/>
  <testcase classname="test.script.RenameOtherUserPersonalFolderTest" name="verifyFileIsRenameWithKataganaMultiByte" time="12.142"/>
  <testcase classname="test.script.RenameOtherUserPersonalFolderTest" name="verifyFileIsRenameWithKanjiMultiByte" time="11.968"/>
  <testcase classname="test.script.RenameOtherUserPersonalFolderTest" name="verifyFileIsRenameWithEnglishMultiByte" time="12.110"/>
  <testcase classname="test.script.RenameOtherUserPersonalFolderTest" name="verifyFileIsRenameWithEnglishSinlgeByte" time="12.253"/>
  <testcase classname="test.script.RenameOtherUserPersonalFolderTest" name="verifyFileIsRenameEndWithSpace">
    <skipped/>
  </testcase> <!-- verifyFileIsRenameEndWithSpace -->
</testsuite> <!-- test.script.RenameOtherUserPersonalFolderTest -->
