<?xml version="1.0" encoding="UTF-8"?>
<!-- Generated by org.testng.reporters.JUnitReportReporter -->
<testsuite hostname="Test-Jpwin11" failures="0" tests="48" name="test.script.SharedFolderUploadFileToRootFolderTest" time="1144.159" errors="0" timestamp="2024-09-19T20:54:44 JST" skipped="1">
  <testcase classname="test.script.SharedFolderUploadFileToRootFolderTest" name="verifyUploadButtonIsDisplayedInRootFolder" time="10.705"/>
  <testcase classname="test.script.SharedFolderUploadFileToRootFolderTest" name="verifyPDFFileUpload" time="21.436"/>
  <testcase classname="test.script.SharedFolderUploadFileToRootFolderTest" name="verifyBMPFileUpload" time="25.553"/>
  <testcase classname="test.script.SharedFolderUploadFileToRootFolderTest" name="verifyGIFFileUpload" time="21.385"/>
  <testcase classname="test.script.SharedFolderUploadFileToRootFolderTest" name="verifyJPGFileUpload" time="25.654"/>
  <testcase classname="test.script.SharedFolderUploadFileToRootFolderTest" name="verifyJPEGFileUpload" time="25.631"/>
  <testcase classname="test.script.SharedFolderUploadFileToRootFolderTest" name="verifyPNGFileUpload" time="25.666"/>
  <testcase classname="test.script.SharedFolderUploadFileToRootFolderTest" name="verifyTIFFileUpload" time="25.630"/>
  <testcase classname="test.script.SharedFolderUploadFileToRootFolderTest" name="verifyExcelFileUpload" time="25.579"/>
  <testcase classname="test.script.SharedFolderUploadFileToRootFolderTest" name="verifyDOCXFileUpload" time="25.492"/>
  <testcase classname="test.script.SharedFolderUploadFileToRootFolderTest" name="verifyODPFileUpload" time="21.326"/>
  <testcase classname="test.script.SharedFolderUploadFileToRootFolderTest" name="verifyODSFileUpload" time="21.396"/>
  <testcase classname="test.script.SharedFolderUploadFileToRootFolderTest" name="verifyODTFileUpload" time="25.708"/>
  <testcase classname="test.script.SharedFolderUploadFileToRootFolderTest" name="verifyPPTXFileUpload" time="25.563"/>
  <testcase classname="test.script.SharedFolderUploadFileToRootFolderTest" name="verifyRTFFileUpload" time="25.683"/>
  <testcase classname="test.script.SharedFolderUploadFileToRootFolderTest" name="verifyTXTFileUpload" time="25.678"/>
  <testcase classname="test.script.SharedFolderUploadFileToRootFolderTest" name="verifyXPSFileUpload" time="25.788"/>
  <testcase classname="test.script.SharedFolderUploadFileToRootFolderTest" name="verifyAVIFileUpload" time="25.568"/>
  <testcase classname="test.script.SharedFolderUploadFileToRootFolderTest" name="verifyFLVFileUpload" time="25.798"/>
  <testcase classname="test.script.SharedFolderUploadFileToRootFolderTest" name="verifyMKVFileUpload" time="25.562"/>
  <testcase classname="test.script.SharedFolderUploadFileToRootFolderTest" name="verifyMOVFileUpload" time="21.329"/>
  <testcase classname="test.script.SharedFolderUploadFileToRootFolderTest" name="verifyMP4FileUpload" time="25.587"/>
  <testcase classname="test.script.SharedFolderUploadFileToRootFolderTest" name="verifyMPEGFileUpload" time="25.695"/>
  <testcase classname="test.script.SharedFolderUploadFileToRootFolderTest" name="verifyMPEG2FileUpload" time="25.594"/>
  <testcase classname="test.script.SharedFolderUploadFileToRootFolderTest" name="verifyTSFileUpload" time="30.289"/>
  <testcase classname="test.script.SharedFolderUploadFileToRootFolderTest" name="verifyWEBMFileUpload" time="25.633"/>
  <testcase classname="test.script.SharedFolderUploadFileToRootFolderTest" name="verifyWMVFileUpload" time="25.668"/>
  <testcase classname="test.script.SharedFolderUploadFileToRootFolderTest" name="verifyFileUploadDisplayedInGrid" time="25.656"/>
  <testcase classname="test.script.SharedFolderUploadFileToRootFolderTest" name="verifyFileUploadSingleByteNumbers" time="25.620"/>
  <testcase classname="test.script.SharedFolderUploadFileToRootFolderTest" name="verifyFileUploadMultyByteNumbers" time="25.544"/>
  <testcase classname="test.script.SharedFolderUploadFileToRootFolderTest" name="verifyFileUploadSingleByteKataganaCharacters" time="25.675"/>
  <testcase classname="test.script.SharedFolderUploadFileToRootFolderTest" name="verifyFileUploadSingleByteEnglishCharacters" time="25.580"/>
  <testcase classname="test.script.SharedFolderUploadFileToRootFolderTest" name="verifyFileUploadMultyByteKataganaCharacters" time="25.600"/>
  <testcase classname="test.script.SharedFolderUploadFileToRootFolderTest" name="verifyFileUploadMultyByteEnglishCharacters" time="25.553"/>
  <testcase classname="test.script.SharedFolderUploadFileToRootFolderTest" name="verifyFileUploadMultyByteKanjiCharacters" time="21.324"/>
  <testcase classname="test.script.SharedFolderUploadFileToRootFolderTest" name="verifyFileUploadMultyByteHiraganaCharacters" time="25.559"/>
  <testcase classname="test.script.SharedFolderUploadFileToRootFolderTest" name="verifyFileUploadMultyByteSpecialCharacters" time="21.355"/>
  <testcase classname="test.script.SharedFolderUploadFileToRootFolderTest" name="verifyFileUploadSingleByte85Numbers" time="24.684"/>
  <testcase classname="test.script.SharedFolderUploadFileToRootFolderTest" name="verifyFileUploadMultyByte85Numbers" time="24.747"/>
  <testcase classname="test.script.SharedFolderUploadFileToRootFolderTest" name="verifyFileUploadSingleByte85EnglishCharacters" time="24.692"/>
  <testcase classname="test.script.SharedFolderUploadFileToRootFolderTest" name="verifyFileUploadMultyByte85EnglishCharacters" time="24.656"/>
  <testcase classname="test.script.SharedFolderUploadFileToRootFolderTest" name="verifyFileUploadSingleByte85KataganaCharacters" time="24.651"/>
  <testcase classname="test.script.SharedFolderUploadFileToRootFolderTest" name="verifyFileUploadMultyByte85KataganaCharacters" time="24.642"/>
  <testcase classname="test.script.SharedFolderUploadFileToRootFolderTest" name="verifyFileUploadMultyByte85KanjiCharacters" time="20.536"/>
  <testcase classname="test.script.SharedFolderUploadFileToRootFolderTest" name="verifyFileUploadMultyByte85HiraganaCharacters" time="24.639"/>
  <testcase classname="test.script.SharedFolderUploadFileToRootFolderTest" name="verifyFileUploadMultyByte85SpecialCharacters" time="20.494"/>
  <testcase classname="test.script.SharedFolderUploadFileToRootFolderTest" name="verifyFileUploadPasswordProtected" time="22.356"/>
  <testcase classname="test.script.SharedFolderUploadFileToRootFolderTest" name="verifyUploadButtonToolTipsIsDisplayed">
    <skipped/>
  </testcase> <!-- verifyUploadButtonToolTipsIsDisplayed -->
</testsuite> <!-- test.script.SharedFolderUploadFileToRootFolderTest -->
