<?xml version="1.0" encoding="UTF-8"?>
<!-- Generated by org.testng.reporters.JUnitReportReporter -->
<testsuite hostname="Test-Jpwin11" failures="0" tests="48" name="test.script.OtherPersonalFolderUploadFileToRootFolderTest" time="1144.518" errors="0" timestamp="2024-09-20T16:31:12 JST" skipped="1">
  <testcase classname="test.script.OtherPersonalFolderUploadFileToRootFolderTest" name="verifyUploadButtonIsDisplayedInRootFolder" time="6.429"/>
  <testcase classname="test.script.OtherPersonalFolderUploadFileToRootFolderTest" name="verifyPDFFileUpload" time="25.777"/>
  <testcase classname="test.script.OtherPersonalFolderUploadFileToRootFolderTest" name="verifyBMPFileUpload" time="25.603"/>
  <testcase classname="test.script.OtherPersonalFolderUploadFileToRootFolderTest" name="verifyGIFFileUpload" time="25.556"/>
  <testcase classname="test.script.OtherPersonalFolderUploadFileToRootFolderTest" name="verifyJPGFileUpload" time="25.527"/>
  <testcase classname="test.script.OtherPersonalFolderUploadFileToRootFolderTest" name="verifyJPEGFileUpload" time="25.567"/>
  <testcase classname="test.script.OtherPersonalFolderUploadFileToRootFolderTest" name="verifyPNGFileUpload" time="25.617"/>
  <testcase classname="test.script.OtherPersonalFolderUploadFileToRootFolderTest" name="verifyTIFFileUpload" time="25.555"/>
  <testcase classname="test.script.OtherPersonalFolderUploadFileToRootFolderTest" name="verifyExcelFileUpload" time="21.289"/>
  <testcase classname="test.script.OtherPersonalFolderUploadFileToRootFolderTest" name="verifyDOCXFileUpload" time="25.548"/>
  <testcase classname="test.script.OtherPersonalFolderUploadFileToRootFolderTest" name="verifyODPFileUpload" time="25.572"/>
  <testcase classname="test.script.OtherPersonalFolderUploadFileToRootFolderTest" name="verifyODSFileUpload" time="25.560"/>
  <testcase classname="test.script.OtherPersonalFolderUploadFileToRootFolderTest" name="verifyODTFileUpload" time="21.319"/>
  <testcase classname="test.script.OtherPersonalFolderUploadFileToRootFolderTest" name="verifyPPTXFileUpload" time="25.651"/>
  <testcase classname="test.script.OtherPersonalFolderUploadFileToRootFolderTest" name="verifyRTFFileUpload" time="21.361"/>
  <testcase classname="test.script.OtherPersonalFolderUploadFileToRootFolderTest" name="verifyTXTFileUpload" time="21.339"/>
  <testcase classname="test.script.OtherPersonalFolderUploadFileToRootFolderTest" name="verifyXPSFileUpload" time="25.579"/>
  <testcase classname="test.script.OtherPersonalFolderUploadFileToRootFolderTest" name="verifyAVIFileUpload" time="25.602"/>
  <testcase classname="test.script.OtherPersonalFolderUploadFileToRootFolderTest" name="verifyFLVFileUpload" time="25.588"/>
  <testcase classname="test.script.OtherPersonalFolderUploadFileToRootFolderTest" name="verifyMKVFileUpload" time="25.570"/>
  <testcase classname="test.script.OtherPersonalFolderUploadFileToRootFolderTest" name="verifyMOVFileUpload" time="25.650"/>
  <testcase classname="test.script.OtherPersonalFolderUploadFileToRootFolderTest" name="verifyMP4FileUpload" time="21.319"/>
  <testcase classname="test.script.OtherPersonalFolderUploadFileToRootFolderTest" name="verifyMPEGFileUpload" time="25.545"/>
  <testcase classname="test.script.OtherPersonalFolderUploadFileToRootFolderTest" name="verifyMPEG2FileUpload" time="25.480"/>
  <testcase classname="test.script.OtherPersonalFolderUploadFileToRootFolderTest" name="verifyTSFileUpload" time="25.509"/>
  <testcase classname="test.script.OtherPersonalFolderUploadFileToRootFolderTest" name="verifyWEBMFileUpload" time="25.522"/>
  <testcase classname="test.script.OtherPersonalFolderUploadFileToRootFolderTest" name="verifyWMVFileUpload" time="21.289"/>
  <testcase classname="test.script.OtherPersonalFolderUploadFileToRootFolderTest" name="verifyFileUploadDisplayedInGrid" time="25.636"/>
  <testcase classname="test.script.OtherPersonalFolderUploadFileToRootFolderTest" name="verifyFileUploadSingleByteNumbers" time="21.435"/>
  <testcase classname="test.script.OtherPersonalFolderUploadFileToRootFolderTest" name="verifyFileUploadMultyByteNumbers" time="25.695"/>
  <testcase classname="test.script.OtherPersonalFolderUploadFileToRootFolderTest" name="verifyFileUploadSingleByteEnglishCharacters" time="25.578"/>
  <testcase classname="test.script.OtherPersonalFolderUploadFileToRootFolderTest" name="verifyFileUploadSingleByteKataganaCharacters" time="25.593"/>
  <testcase classname="test.script.OtherPersonalFolderUploadFileToRootFolderTest" name="verifyFileUploadMultyByteEnglishCharacters" time="25.557"/>
  <testcase classname="test.script.OtherPersonalFolderUploadFileToRootFolderTest" name="verifyFileUploadMultyByteKataganaCharacters" time="25.584"/>
  <testcase classname="test.script.OtherPersonalFolderUploadFileToRootFolderTest" name="verifyFileUploadMultyByteKanjiCharacters" time="25.600"/>
  <testcase classname="test.script.OtherPersonalFolderUploadFileToRootFolderTest" name="verifyFileUploadMultyByteHiraganaCharacters" time="25.544"/>
  <testcase classname="test.script.OtherPersonalFolderUploadFileToRootFolderTest" name="verifyFileUploadMultyByteSpecialCharacters" time="25.602"/>
  <testcase classname="test.script.OtherPersonalFolderUploadFileToRootFolderTest" name="verifyFileUploadSingleByte85Numbers" time="24.671"/>
  <testcase classname="test.script.OtherPersonalFolderUploadFileToRootFolderTest" name="verifyFileUploadMultyByte85Numbers" time="24.709"/>
  <testcase classname="test.script.OtherPersonalFolderUploadFileToRootFolderTest" name="verifyFileUploadSingleByte85EnglishCharacters" time="24.706"/>
  <testcase classname="test.script.OtherPersonalFolderUploadFileToRootFolderTest" name="verifyFileUploadMultyByte85EnglishCharacters" time="24.633"/>
  <testcase classname="test.script.OtherPersonalFolderUploadFileToRootFolderTest" name="verifyFileUploadSingleByte85KataganaCharacters" time="24.581"/>
  <testcase classname="test.script.OtherPersonalFolderUploadFileToRootFolderTest" name="verifyFileUploadMultyByte85KataganaCharacters" time="24.632"/>
  <testcase classname="test.script.OtherPersonalFolderUploadFileToRootFolderTest" name="verifyFileUploadMultyByte85KanjiCharacters" time="24.713"/>
  <testcase classname="test.script.OtherPersonalFolderUploadFileToRootFolderTest" name="verifyFileUploadMultyByte85HiraganaCharacters" time="20.302"/>
  <testcase classname="test.script.OtherPersonalFolderUploadFileToRootFolderTest" name="verifyFileUploadMultyByte85SpecialCharacters" time="27.254"/>
  <testcase classname="test.script.OtherPersonalFolderUploadFileToRootFolderTest" name="verifyFileUploadPasswordProtected" time="26.570"/>
  <testcase classname="test.script.OtherPersonalFolderUploadFileToRootFolderTest" name="verifyUploadButtonToolTipsIsDisplayed">
    <skipped/>
  </testcase> <!-- verifyUploadButtonToolTipsIsDisplayed -->
</testsuite> <!-- test.script.OtherPersonalFolderUploadFileToRootFolderTest -->
