<?xml version="1.0" encoding="UTF-8"?>
<!-- Generated by org.testng.reporters.JUnitReportReporter -->
<testsuite hostname="Test-Jpwin11" failures="0" tests="3" name="test.script.PersonalFolderUploadFileToRootFolderTest" time="37.322" errors="0" timestamp="2024-09-19T20:29:16 JST" skipped="1">
  <testcase classname="test.script.PersonalFolderUploadFileToRootFolderTest" name="verifyUploadButtonIsDisplayedInRootFolder" time="6.429"/>
  <testcase classname="test.script.PersonalFolderUploadFileToRootFolderTest" name="verifyPDFFileUpload" time="30.893"/>
  <testcase classname="test.script.PersonalFolderUploadFileToRootFolderTest" name="verifyUploadButtonToolTipsIsDisplayed">
    <skipped/>
  </testcase> <!-- verifyUploadButtonToolTipsIsDisplayed -->
</testsuite> <!-- test.script.PersonalFolderUploadFileToRootFolderTest -->
