<?xml version="1.0" encoding="UTF-8"?>
<!-- Generated by org.testng.reporters.JUnitReportReporter -->
<testsuite hostname="Test-Jpwin11" failures="0" tests="19" name="test.script.PersonalFolderSmokeTest" time="391.831" errors="0" timestamp="2024-09-09T14:24:51 JST" skipped="0">
  <testcase classname="test.script.PersonalFolderSmokeTest" name="verifyFolderIsCreated" time="10.612"/>
  <testcase classname="test.script.PersonalFolderSmokeTest" name="verifySingleFileUpload" time="25.502"/>
  <testcase classname="test.script.PersonalFolderSmokeTest" name="verifyMultiFileUpload" time="47.668"/>
  <testcase classname="test.script.PersonalFolderSmokeTest" name="verifySingleFolderDownload" time="12.583"/>
  <testcase classname="test.script.PersonalFolderSmokeTest" name="verifyMultiFolderDownload" time="20.531"/>
  <testcase classname="test.script.PersonalFolderSmokeTest" name="verifyFolderSearch" time="10.704"/>
  <testcase classname="test.script.PersonalFolderSmokeTest" name="verifySearchPageReturnButton" time="10.827"/>
  <testcase classname="test.script.PersonalFolderSmokeTest" name="verifyContextMenuDownload" time="9.551"/>
  <testcase classname="test.script.PersonalFolderSmokeTest" name="verifyContextMenuRename" time="24.297"/>
  <testcase classname="test.script.PersonalFolderSmokeTest" name="verifyContextMenuFilePreview" time="8.645"/>
  <testcase classname="test.script.PersonalFolderSmokeTest" name="verifyContextMenuFileMove" time="12.957"/>
  <testcase classname="test.script.PersonalFolderSmokeTest" name="verifyContextMenuFileShare" time="14.713"/>
  <testcase classname="test.script.PersonalFolderSmokeTest" name="verifyContextMenuDelete" time="12.730"/>
  <testcase classname="test.script.PersonalFolderSmokeTest" name="verifySingleFileFolderDelete" time="12.610"/>
  <testcase classname="test.script.PersonalFolderSmokeTest" name="verifyMultiFileFolderDelete" time="12.611"/>
  <testcase classname="test.script.PersonalFolderSmokeTest" name="verifyFolderFileMove" time="54.276"/>
  <testcase classname="test.script.PersonalFolderSmokeTest" name="verifyFolderMoveToSubFolder" time="16.914"/>
  <testcase classname="test.script.PersonalFolderSmokeTest" name="verifyMultipleFileFolderMoveToSubFolder" time="10.761"/>
  <testcase classname="test.script.PersonalFolderSmokeTest" name="verifyFolderFileFolderMoveToSharedFolder" time="63.339"/>
</testsuite> <!-- test.script.PersonalFolderSmokeTest -->
